# JRE version: OpenJDK Runtime Environment Microsoft-10376486 (17.0.13+11) (build 17.0.13+11-LTS)
# Java VM: OpenJDK 64-Bit Server VM Microsoft-10376486 (17.0.13+11-LTS, mixed mode, sharing, tiered, compressed oops, compressed class ptrs, g1 gc, windows-amd64)
GC Precious Log:
 CPUs: 4 total, 4 available
 Memory: 8050M
 Large Page Support: Disabled
 NUMA Support: Disabled
 Compressed Oops: Enabled (32-bit)
 Heap Region Size: 1M
 Heap Min Capacity: 8M
 Heap Initial Capacity: 126M
 Heap Max Capacity: 2G
 Pre-touch: Disabled
 Parallel Workers: 4
 Concurrent Workers: 1
 Concurrent Refinement Workers: 4
 Periodic GC: Disabled
Heap:
 garbage-first heap   total 264192K, used 108982K [0x0000000080000000, 0x0000000100000000)
  region size 1024K, 14 young (14336K), 2 survivors (2048K)
 Metaspace       used 76659K, committed 77440K, reserved 557056K
  class space    used 10640K, committed 11008K, reserved 425984K
GC Heap History (20 events):
Event: 49.164 GC heap before
{Heap before GC invocations=28 (full 0):
 garbage-first heap   total 121856K, used 70335K [0x0000000080000000, 0x0000000100000000)
  region size 1024K, 5 young (5120K), 4 survivors (4096K)
 Metaspace       used 63180K, committed 63936K, reserved 491520K
  class space    used 8924K, committed 9280K, reserved 425984K
}
Event: 49.173 GC heap after
{Heap after GC invocations=29 (full 0):
 garbage-first heap   total 121856K, used 69037K [0x0000000080000000, 0x0000000100000000)
  region size 1024K, 1 young (1024K), 1 survivors (1024K)
 Metaspace       used 63180K, committed 63936K, reserved 491520K
  class space    used 8924K, committed 9280K, reserved 425984K
}
Event: 50.592 GC heap before
{Heap before GC invocations=29 (full 0):
 garbage-first heap   total 121856K, used 96685K [0x0000000080000000, 0x0000000100000000)
  region size 1024K, 29 young (29696K), 1 survivors (1024K)
 Metaspace       used 65200K, committed 65920K, reserved 491520K
  class space    used 9208K, committed 9536K, reserved 425984K
}
Event: 50.603 GC heap after
{Heap after GC invocations=30 (full 0):
 garbage-first heap   total 121856K, used 70517K [0x0000000080000000, 0x0000000100000000)
  region size 1024K, 3 young (3072K), 3 survivors (3072K)
 Metaspace       used 65200K, committed 65920K, reserved 491520K
  class space    used 9208K, committed 9536K, reserved 425984K
}
Event: 52.298 GC heap before
{Heap before GC invocations=31 (full 0):
 garbage-first heap   total 121856K, used 97141K [0x0000000080000000, 0x0000000100000000)
  region size 1024K, 30 young (30720K), 3 survivors (3072K)
 Metaspace       used 67394K, committed 68160K, reserved 491520K
  class space    used 9549K, committed 9920K, reserved 425984K
}
Event: 52.308 GC heap after
{Heap after GC invocations=32 (full 0):
 garbage-first heap   total 121856K, used 73053K [0x0000000080000000, 0x0000000100000000)
  region size 1024K, 4 young (4096K), 4 survivors (4096K)
 Metaspace       used 67394K, committed 68160K, reserved 491520K
  class space    used 9549K, committed 9920K, reserved 425984K
}
Event: 52.334 GC heap before
{Heap before GC invocations=32 (full 0):
 garbage-first heap   total 121856K, used 73053K [0x0000000080000000, 0x0000000100000000)
  region size 1024K, 5 young (5120K), 4 survivors (4096K)
 Metaspace       used 67475K, committed 68224K, reserved 491520K
  class space    used 9568K, committed 9920K, reserved 425984K
}
Event: 52.350 GC heap after
{Heap after GC invocations=33 (full 0):
 garbage-first heap   total 121856K, used 72971K [0x0000000080000000, 0x0000000100000000)
  region size 1024K, 1 young (1024K), 1 survivors (1024K)
 Metaspace       used 67475K, committed 68224K, reserved 491520K
  class space    used 9568K, committed 9920K, reserved 425984K
}
Event: 54.189 GC heap before
{Heap before GC invocations=33 (full 0):
 garbage-first heap   total 121856K, used 98571K [0x0000000080000000, 0x0000000100000000)
  region size 1024K, 27 young (27648K), 1 survivors (1024K)
 Metaspace       used 68655K, committed 69376K, reserved 491520K
  class space    used 9772K, committed 10112K, reserved 425984K
}
Event: 54.197 GC heap after
{Heap after GC invocations=34 (full 0):
 garbage-first heap   total 121856K, used 76263K [0x0000000080000000, 0x0000000100000000)
  region size 1024K, 4 young (4096K), 4 survivors (4096K)
 Metaspace       used 68655K, committed 69376K, reserved 491520K
  class space    used 9772K, committed 10112K, reserved 425984K
}
Event: 55.992 GC heap before
{Heap before GC invocations=35 (full 0):
 garbage-first heap   total 132096K, used 99815K [0x0000000080000000, 0x0000000100000000)
  region size 1024K, 27 young (27648K), 4 survivors (4096K)
 Metaspace       used 69855K, committed 70720K, reserved 491520K
  class space    used 9929K, committed 10368K, reserved 425984K
}
Event: 56.021 GC heap after
{Heap after GC invocations=36 (full 0):
 garbage-first heap   total 132096K, used 79294K [0x0000000080000000, 0x0000000100000000)
  region size 1024K, 4 young (4096K), 4 survivors (4096K)
 Metaspace       used 69855K, committed 70720K, reserved 491520K
  class space    used 9929K, committed 10368K, reserved 425984K
}
Event: 56.031 GC heap before
{Heap before GC invocations=36 (full 0):
 garbage-first heap   total 132096K, used 81342K [0x0000000080000000, 0x0000000100000000)
  region size 1024K, 6 young (6144K), 4 survivors (4096K)
 Metaspace       used 69855K, committed 70720K, reserved 491520K
  class space    used 9929K, committed 10368K, reserved 425984K
}
Event: 56.048 GC heap after
{Heap after GC invocations=37 (full 0):
 garbage-first heap   total 264192K, used 78970K [0x0000000080000000, 0x0000000100000000)
  region size 1024K, 1 young (1024K), 1 survivors (1024K)
 Metaspace       used 69855K, committed 70720K, reserved 491520K
  class space    used 9929K, committed 10368K, reserved 425984K
}
Event: 65.860 GC heap before
{Heap before GC invocations=37 (full 0):
 garbage-first heap   total 264192K, used 194682K [0x0000000080000000, 0x0000000100000000)
  region size 1024K, 115 young (117760K), 1 survivors (1024K)
 Metaspace       used 70643K, committed 71488K, reserved 491520K
  class space    used 9957K, committed 10368K, reserved 425984K
}
Event: 66.055 GC heap after
{Heap after GC invocations=38 (full 0):
 garbage-first heap   total 264192K, used 83954K [0x0000000080000000, 0x0000000100000000)
  region size 1024K, 6 young (6144K), 6 survivors (6144K)
 Metaspace       used 70643K, committed 71488K, reserved 491520K
  class space    used 9957K, committed 10368K, reserved 425984K
}
Event: 72.277 GC heap before
{Heap before GC invocations=38 (full 0):
 garbage-first heap   total 264192K, used 147442K [0x0000000080000000, 0x0000000100000000)
  region size 1024K, 62 young (63488K), 6 survivors (6144K)
 Metaspace       used 71278K, committed 72192K, reserved 491520K
  class space    used 10038K, committed 10496K, reserved 425984K
}
Event: 72.326 GC heap after
{Heap after GC invocations=39 (full 0):
 garbage-first heap   total 264192K, used 96142K [0x0000000080000000, 0x0000000100000000)
  region size 1024K, 8 young (8192K), 8 survivors (8192K)
 Metaspace       used 71278K, committed 72192K, reserved 491520K
  class space    used 10038K, committed 10496K, reserved 425984K
}
Event: 75.601 GC heap before
{Heap before GC invocations=39 (full 0):
 garbage-first heap   total 264192K, used 146318K [0x0000000080000000, 0x0000000100000000)
  region size 1024K, 56 young (57344K), 8 survivors (8192K)
 Metaspace       used 75068K, committed 75904K, reserved 557056K
  class space    used 10464K, committed 10880K, reserved 425984K
}
Event: 75.625 GC heap after
{Heap after GC invocations=40 (full 0):
 garbage-first heap   total 264192K, used 97718K [0x0000000080000000, 0x0000000100000000)
  region size 1024K, 2 young (2048K), 2 survivors (2048K)
 Metaspace       used 75068K, committed 75904K, reserved 557056K
  class space    used 10464K, committed 10880K, reserved 425984K
}

